#! /c/Source/iverilog-install/bin/vvp
:ivl_version "12.0 (devel)" "(s20150603-1110-g18392a46)";
:ivl_delay_selection "TYPICAL";
:vpi_time_precision + 0;
:vpi_module "D:\CodeTool\iverilog\lib\ivl\system.vpi";
:vpi_module "D:\CodeTool\iverilog\lib\ivl\vhdl_sys.vpi";
:vpi_module "D:\CodeTool\iverilog\lib\ivl\vhdl_textio.vpi";
:vpi_module "D:\CodeTool\iverilog\lib\ivl\v2005_math.vpi";
:vpi_module "D:\CodeTool\iverilog\lib\ivl\va_math.vpi";
S_0000022ea6b0b9f0 .scope module, "tb" "tb" 2 1;
 .timescale 0 0;
v0000022ea6b0a140_0 .var "clk", 0 0;
v0000022ea6b099c0_0 .var "in", 1 0;
v0000022ea6b0a3c0_0 .net "res", 1 0, L_0000022ea6b09a60;  1 drivers
E_0000022ea6b0c300 .event edge, v0000022ea6b0a140_0;
L_0000022ea6b0a500 .part v0000022ea6b099c0_0, 1, 1;
L_0000022ea6b09920 .part v0000022ea6b099c0_0, 0, 1;
L_0000022ea6b09a60 .concat8 [ 1 1 0 0], L_0000022ea6b0b560, L_0000022ea69a3290;
S_0000022ea6b0bb80 .scope module, "ha" "Half_Adder" 2 6, 3 1 0, S_0000022ea6b0b9f0;
 .timescale 0 0;
    .port_info 0 /INPUT 1 "a";
    .port_info 1 /INPUT 1 "b";
    .port_info 2 /OUTPUT 1 "sum";
    .port_info 3 /OUTPUT 1 "carry";
L_0000022ea6b0b560 .functor XOR 1, L_0000022ea6b0a500, L_0000022ea6b09920, C4<0>, C4<0>;
L_0000022ea69a3290 .functor AND 1, L_0000022ea6b0a500, L_0000022ea6b09920, C4<1>, C4<1>;
v0000022ea6b0a280_0 .net "a", 0 0, L_0000022ea6b0a500;  1 drivers
v0000022ea6b0a320_0 .net "b", 0 0, L_0000022ea6b09920;  1 drivers
v0000022ea6b09ec0_0 .net "carry", 0 0, L_0000022ea69a3290;  1 drivers
v0000022ea6b0a0a0_0 .net "sum", 0 0, L_0000022ea6b0b560;  1 drivers
    .scope S_0000022ea6b0b9f0;
T_0 ;
    %vpi_call 2 14 "$dumpfile", "./dumpfile.vcd" {0 0 0};
    %vpi_call 2 15 "$dumpvars" {0 0 0};
    %pushi/vec4 0, 0, 1;
    %assign/vec4 v0000022ea6b0a140_0, 0;
    %pushi/vec4 0, 0, 2;
    %assign/vec4 v0000022ea6b099c0_0, 0;
    %delay 20, 0;
    %vpi_call 2 18 "$finish" {0 0 0};
    %end;
    .thread T_0;
    .scope S_0000022ea6b0b9f0;
T_1 ;
    %delay 1, 0;
    %load/vec4 v0000022ea6b0a140_0;
    %inv;
    %assign/vec4 v0000022ea6b0a140_0, 0;
    %jmp T_1;
    .thread T_1;
    .scope S_0000022ea6b0b9f0;
T_2 ;
    %wait E_0000022ea6b0c300;
    %load/vec4 v0000022ea6b099c0_0;
    %addi 1, 0, 2;
    %assign/vec4 v0000022ea6b099c0_0, 0;
    %jmp T_2;
    .thread T_2;
# The file index is used to find the file name in the following table.
:file_names 4;
    "N/A";
    "<interactive>";
    "tb.v";
    "Half_Adder.v";
