#! /c/Source/iverilog-install/bin/vvp
:ivl_version "12.0 (devel)" "(s20150603-1110-g18392a46)";
:ivl_delay_selection "TYPICAL";
:vpi_time_precision - 9;
:vpi_module "D:\CodeTool\iverilog\lib\ivl\system.vpi";
:vpi_module "D:\CodeTool\iverilog\lib\ivl\vhdl_sys.vpi";
:vpi_module "D:\CodeTool\iverilog\lib\ivl\vhdl_textio.vpi";
:vpi_module "D:\CodeTool\iverilog\lib\ivl\v2005_math.vpi";
:vpi_module "D:\CodeTool\iverilog\lib\ivl\va_math.vpi";
S_00000162755d4f80 .scope module, "tb" "tb" 2 3;
 .timescale -9 -9;
v00000162755b2ca0_0 .var "clk", 0 0;
v00000162755b2d40_0 .var "data_i", 7 0;
v00000162755b2de0_0 .net "flag", 0 0, v00000162755f0910_0;  1 drivers
v00000162755b2e80_0 .var "rst_n", 0 0;
S_00000162755f0630 .scope module, "fsm" "FSM_Mealy" 2 12, 3 7 0, S_00000162755d4f80;
 .timescale 0 0;
    .port_info 0 /INPUT 1 "clk";
    .port_info 1 /INPUT 1 "rst_n";
    .port_info 2 /INPUT 8 "data";
    .port_info 3 /OUTPUT 1 "flag";
P_00000162755f07c0 .param/l "aa" 1 3 20, C4<00000000000000000000000000000001>;
P_00000162755f07f8 .param/l "bb" 1 3 21, C4<00000000000000000000000000000010>;
P_00000162755f0830 .param/l "idle" 1 3 19, C4<00000000000000000000000000000000>;
v000001627559b6f0_0 .var "c_state", 1 0;
v00000162755e83f0_0 .net "clk", 0 0, v00000162755b2ca0_0;  1 drivers
v00000162755f0870_0 .net "data", 7 0, v00000162755b2d40_0;  1 drivers
v00000162755f0910_0 .var "flag", 0 0;
v00000162755f09b0_0 .var "n_state", 1 0;
v00000162755f0a50_0 .net "rst_n", 0 0, v00000162755b2e80_0;  1 drivers
E_000001627559b570 .event anyedge, v000001627559b6f0_0, v00000162755f0870_0;
E_000001627559aaf0/0 .event negedge, v00000162755f0a50_0;
E_000001627559aaf0/1 .event posedge, v00000162755e83f0_0;
E_000001627559aaf0 .event/or E_000001627559aaf0/0, E_000001627559aaf0/1;
    .scope S_00000162755f0630;
T_0 ;
    %wait E_000001627559aaf0;
    %load/vec4 v00000162755f0a50_0;
    %inv;
    %flag_set/vec4 8;
    %jmp/0xz  T_0.0, 8;
    %pushi/vec4 0, 0, 2;
    %assign/vec4 v000001627559b6f0_0, 0;
    %jmp T_0.1;
T_0.0 ;
    %load/vec4 v00000162755f09b0_0;
    %assign/vec4 v000001627559b6f0_0, 0;
T_0.1 ;
    %jmp T_0;
    .thread T_0;
    .scope S_00000162755f0630;
T_1 ;
    %wait E_000001627559b570;
    %load/vec4 v000001627559b6f0_0;
    %dup/vec4;
    %pushi/vec4 0, 0, 2;
    %cmp/u;
    %jmp/1 T_1.0, 6;
    %dup/vec4;
    %pushi/vec4 1, 0, 2;
    %cmp/u;
    %jmp/1 T_1.1, 6;
    %dup/vec4;
    %pushi/vec4 2, 0, 2;
    %cmp/u;
    %jmp/1 T_1.2, 6;
    %pushi/vec4 0, 0, 2;
    %store/vec4 v00000162755f09b0_0, 0, 2;
    %jmp T_1.4;
T_1.0 ;
    %load/vec4 v00000162755f0870_0;
    %pad/u 32;
    %cmpi/e 170, 0, 32;
    %jmp/0xz  T_1.5, 4;
    %pushi/vec4 1, 0, 2;
    %store/vec4 v00000162755f09b0_0, 0, 2;
    %jmp T_1.6;
T_1.5 ;
    %pushi/vec4 0, 0, 2;
    %store/vec4 v00000162755f09b0_0, 0, 2;
T_1.6 ;
    %jmp T_1.4;
T_1.1 ;
    %load/vec4 v00000162755f0870_0;
    %pad/u 32;
    %cmpi/e 170, 0, 32;
    %jmp/0xz  T_1.7, 4;
    %pushi/vec4 1, 0, 2;
    %store/vec4 v00000162755f09b0_0, 0, 2;
    %jmp T_1.8;
T_1.7 ;
    %load/vec4 v00000162755f0870_0;
    %pad/u 32;
    %cmpi/e 187, 0, 32;
    %jmp/0xz  T_1.9, 4;
    %pushi/vec4 2, 0, 2;
    %store/vec4 v00000162755f09b0_0, 0, 2;
    %jmp T_1.10;
T_1.9 ;
    %pushi/vec4 0, 0, 2;
    %store/vec4 v00000162755f09b0_0, 0, 2;
T_1.10 ;
T_1.8 ;
    %jmp T_1.4;
T_1.2 ;
    %load/vec4 v00000162755f0870_0;
    %pad/u 32;
    %cmpi/e 170, 0, 32;
    %jmp/0xz  T_1.11, 4;
    %pushi/vec4 1, 0, 2;
    %store/vec4 v00000162755f09b0_0, 0, 2;
    %jmp T_1.12;
T_1.11 ;
    %load/vec4 v00000162755f0870_0;
    %pad/u 32;
    %cmpi/e 204, 0, 32;
    %jmp/0xz  T_1.13, 4;
    %pushi/vec4 0, 0, 2;
    %store/vec4 v00000162755f09b0_0, 0, 2;
    %jmp T_1.14;
T_1.13 ;
    %pushi/vec4 0, 0, 2;
    %store/vec4 v00000162755f09b0_0, 0, 2;
T_1.14 ;
T_1.12 ;
    %jmp T_1.4;
T_1.4 ;
    %pop/vec4 1;
    %jmp T_1;
    .thread T_1, $push;
    .scope S_00000162755f0630;
T_2 ;
    %wait E_000001627559b570;
    %load/vec4 v000001627559b6f0_0;
    %pad/u 32;
    %pushi/vec4 2, 0, 32;
    %cmp/e;
    %flag_get/vec4 4;
    %load/vec4 v00000162755f0870_0;
    %pad/u 32;
    %pushi/vec4 204, 0, 32;
    %cmp/e;
    %flag_get/vec4 4;
    %and;
    %flag_set/vec4 8;
    %jmp/0xz  T_2.0, 8;
    %pushi/vec4 1, 0, 1;
    %store/vec4 v00000162755f0910_0, 0, 1;
    %jmp T_2.1;
T_2.0 ;
    %pushi/vec4 0, 0, 1;
    %store/vec4 v00000162755f0910_0, 0, 1;
T_2.1 ;
    %jmp T_2;
    .thread T_2, $push;
    .scope S_00000162755d4f80;
T_3 ;
    %delay 5, 0;
    %load/vec4 v00000162755b2ca0_0;
    %inv;
    %assign/vec4 v00000162755b2ca0_0, 0;
    %jmp T_3;
    .thread T_3;
    .scope S_00000162755d4f80;
T_4 ;
    %vpi_call 2 20 "$dumpfile", "./dumpfile.vcd" {0 0 0};
    %vpi_call 2 21 "$dumpvars" {0 0 0};
    %pushi/vec4 1, 0, 1;
    %assign/vec4 v00000162755b2ca0_0, 0;
    %pushi/vec4 0, 0, 1;
    %assign/vec4 v00000162755b2e80_0, 0;
    %pushi/vec4 255, 0, 8;
    %assign/vec4 v00000162755b2d40_0, 0;
    %delay 10, 0;
    %pushi/vec4 1, 0, 1;
    %assign/vec4 v00000162755b2e80_0, 0;
    %delay 11, 0;
    %delay 10, 0;
    %pushi/vec4 170, 0, 8;
    %assign/vec4 v00000162755b2d40_0, 0;
    %delay 10, 0;
    %pushi/vec4 187, 0, 8;
    %assign/vec4 v00000162755b2d40_0, 0;
    %delay 10, 0;
    %pushi/vec4 204, 0, 8;
    %assign/vec4 v00000162755b2d40_0, 0;
    %delay 10, 0;
    %pushi/vec4 187, 0, 8;
    %assign/vec4 v00000162755b2d40_0, 0;
    %delay 10, 0;
    %pushi/vec4 170, 0, 8;
    %assign/vec4 v00000162755b2d40_0, 0;
    %delay 10, 0;
    %pushi/vec4 187, 0, 8;
    %assign/vec4 v00000162755b2d40_0, 0;
    %delay 10, 0;
    %pushi/vec4 204, 0, 8;
    %assign/vec4 v00000162755b2d40_0, 0;
    %delay 10, 0;
    %pushi/vec4 170, 0, 8;
    %assign/vec4 v00000162755b2d40_0, 0;
    %delay 10, 0;
    %pushi/vec4 187, 0, 8;
    %assign/vec4 v00000162755b2d40_0, 0;
    %delay 10, 0;
    %pushi/vec4 170, 0, 8;
    %assign/vec4 v00000162755b2d40_0, 0;
    %delay 10, 0;
    %pushi/vec4 187, 0, 8;
    %assign/vec4 v00000162755b2d40_0, 0;
    %delay 10, 0;
    %pushi/vec4 204, 0, 8;
    %assign/vec4 v00000162755b2d40_0, 0;
    %delay 10, 0;
    %pushi/vec4 204, 0, 8;
    %assign/vec4 v00000162755b2d40_0, 0;
    %delay 40, 0;
    %vpi_call 2 42 "$finish" {0 0 0};
    %end;
    .thread T_4;
# The file index is used to find the file name in the following table.
:file_names 4;
    "N/A";
    "<interactive>";
    "tb.v";
    "FSM_Mealy.v";
