#! /c/Source/iverilog-install/bin/vvp
:ivl_version "12.0 (devel)" "(s20150603-1110-g18392a46)";
:ivl_delay_selection "TYPICAL";
:vpi_time_precision - 12;
:vpi_module "D:\CodeTool\iverilog\lib\ivl\system.vpi";
:vpi_module "D:\CodeTool\iverilog\lib\ivl\vhdl_sys.vpi";
:vpi_module "D:\CodeTool\iverilog\lib\ivl\vhdl_textio.vpi";
:vpi_module "D:\CodeTool\iverilog\lib\ivl\v2005_math.vpi";
:vpi_module "D:\CodeTool\iverilog\lib\ivl\va_math.vpi";
S_00000240c5012ca0 .scope module, "tb" "tb" 2 2;
 .timescale -12 -12;
v00000240c508ac40_0 .var "N", 31 0;
v00000240c508ace0_0 .var "clk", 0 0;
v00000240c508ad80_0 .net "clk_out", 0 0, v00000240c5012fc0_0;  1 drivers
S_00000240c5012e30 .scope module, "fd" "FD" 2 6, 3 2 0, S_00000240c5012ca0;
 .timescale -12 -12;
    .port_info 0 /INPUT 1 "clk_in";
    .port_info 1 /INPUT 32 "N";
    .port_info 2 /OUTPUT 1 "clk_out";
v00000240c5013600_0 .net "N", 31 0, v00000240c508ac40_0;  1 drivers
v00000240c515c120_0 .net "clk_in", 0 0, v00000240c508ace0_0;  1 drivers
v00000240c5012fc0_0 .var "clk_out", 0 0;
v00000240c5013060_0 .var "cnt", 31 0;
E_00000240c515c680 .event edge, v00000240c515c120_0;
    .scope S_00000240c5012e30;
T_0 ;
    %pushi/vec4 1, 0, 32;
    %assign/vec4 v00000240c5013060_0, 0;
    %pushi/vec4 0, 0, 1;
    %assign/vec4 v00000240c5012fc0_0, 0;
    %end;
    .thread T_0;
    .scope S_00000240c5012e30;
T_1 ;
    %wait E_00000240c515c680;
    %load/vec4 v00000240c5013060_0;
    %load/vec4 v00000240c5013600_0;
    %cmp/u;
    %jmp/0xz  T_1.0, 5;
    %pushi/vec4 1, 0, 32;
    %load/vec4 v00000240c5013060_0;
    %add;
    %assign/vec4 v00000240c5013060_0, 0;
    %jmp T_1.1;
T_1.0 ;
    %pushi/vec4 1, 0, 32;
    %assign/vec4 v00000240c5013060_0, 0;
    %load/vec4 v00000240c5012fc0_0;
    %inv;
    %assign/vec4 v00000240c5012fc0_0, 0;
T_1.1 ;
    %jmp T_1;
    .thread T_1;
    .scope S_00000240c5012ca0;
T_2 ;
    %vpi_call 2 12 "$dumpfile", "dumpfile.vcd" {0 0 0};
    %vpi_call 2 13 "$dumpvars" {0 0 0};
    %pushi/vec4 0, 0, 1;
    %assign/vec4 v00000240c508ace0_0, 0;
    %pushi/vec4 2, 0, 32;
    %assign/vec4 v00000240c508ac40_0, 0;
    %delay 30, 0;
    %pushi/vec4 3, 0, 32;
    %assign/vec4 v00000240c508ac40_0, 0;
    %delay 30, 0;
    %pushi/vec4 4, 0, 32;
    %assign/vec4 v00000240c508ac40_0, 0;
    %delay 30, 0;
    %pushi/vec4 5, 0, 32;
    %assign/vec4 v00000240c508ac40_0, 0;
    %delay 30, 0;
    %vpi_call 2 23 "$finish" {0 0 0};
    %end;
    .thread T_2;
    .scope S_00000240c5012ca0;
T_3 ;
    %delay 1, 0;
    %load/vec4 v00000240c508ace0_0;
    %inv;
    %assign/vec4 v00000240c508ace0_0, 0;
    %jmp T_3;
    .thread T_3;
# The file index is used to find the file name in the following table.
:file_names 4;
    "N/A";
    "<interactive>";
    "tb.v";
    "FD.v";
